\BOOKMARK [1][]{section*.1}{\376\377\000A\000p\000p\000o\000i\000n\000t\000m\000e\000n\000t\000s}{}% 1
\BOOKMARK [1][]{section*.2}{\376\377\000E\000d\000u\000c\000a\000t\000i\000o\000n}{}% 2
\BOOKMARK [1][]{section*.3}{\376\377\000P\000a\000p\000e\000r\000s\000\040\000a\000n\000d\000\040\000P\000r\000e\000p\000r\000i\000n\000t\000s}{}% 3
\BOOKMARK [1][]{section*.4}{\376\377\000T\000a\000l\000k\000s}{}% 4
\BOOKMARK [2][]{section*.5}{\376\377\000I\000n\000v\000i\000t\000e\000d\000\040\000C\000o\000n\000f\000e\000r\000e\000n\000c\000e\000\040\000T\000a\000l\000k\000s}{section*.4}% 5
\BOOKMARK [2][]{section*.6}{\376\377\000I\000n\000v\000i\000t\000e\000d\000\040\000S\000e\000m\000i\000n\000a\000r\000\040\000a\000n\000d\000\040\000C\000o\000l\000l\000o\000q\000u\000i\000u\000m\000\040\000T\000a\000l\000k\000s}{section*.4}% 6
\BOOKMARK [1][]{section*.7}{\376\377\000S\000e\000r\000v\000i\000c\000e}{}% 7
\BOOKMARK [2][]{section*.8}{\376\377\000C\000o\000n\000f\000e\000r\000e\000n\000c\000e\000s\000\040\000a\000n\000d\000\040\000s\000e\000m\000i\000n\000a\000r\000s\000\040\000c\000o\000-\000o\000r\000g\000a\000n\000i\000s\000e\000d}{section*.7}% 8
\BOOKMARK [2][]{section*.9}{\376\377\000M\000a\000t\000h\000e\000m\000a\000t\000i\000c\000a\000l\000\040\000o\000u\000t\000r\000e\000a\000c\000h}{section*.7}% 9
\BOOKMARK [2][]{section*.10}{\376\377\000R\000e\000f\000e\000r\000e\000e\000\040\000f\000o\000r}{section*.7}% 10
\BOOKMARK [2][]{section*.11}{\376\377\000R\000e\000v\000i\000e\000w\000e\000r\000\040\000f\000o\000r}{section*.7}% 11
\BOOKMARK [2][]{section*.12}{\376\377\000O\000t\000h\000e\000r}{section*.7}% 12
\BOOKMARK [1][]{section*.13}{\376\377\000S\000u\000p\000e\000r\000v\000i\000s\000i\000o\000n}{}% 13
\BOOKMARK [1][]{section*.14}{\376\377\000C\000o\000n\000f\000e\000r\000e\000n\000c\000e\000s\000\040\000A\000t\000t\000e\000n\000d\000e\000d}{}% 14
\BOOKMARK [1][]{section*.15}{\376\377\000T\000e\000a\000c\000h\000i\000n\000g}{}% 15
\BOOKMARK [2][]{section*.16}{\376\377\000A\000w\000a\000r\000d\000s}{section*.15}% 16
\BOOKMARK [2][]{section*.17}{\376\377\000C\000o\000u\000r\000s\000e\000s}{section*.15}% 17
\BOOKMARK [2][]{section*.18}{\376\377\000O\000t\000h\000e\000r}{section*.15}% 18
\BOOKMARK [1][]{section*.19}{\376\377\000N\000o\000n\000-\000A\000c\000a\000d\000e\000m\000i\000c\000\040\000E\000x\000p\000e\000r\000i\000e\000n\000c\000e}{}% 19
\BOOKMARK [1][]{section*.20}{\376\377\000A\000w\000a\000r\000d\000s\000\040\000a\000n\000d\000\040\000H\000o\000n\000o\000u\000r\000s}{}% 20
\BOOKMARK [2][]{section*.21}{\376\377\000A\000c\000a\000d\000e\000m\000i\000c}{section*.20}% 21
\BOOKMARK [2][]{section*.22}{\376\377\000E\000x\000t\000r\000a\000c\000u\000r\000r\000i\000c\000u\000l\000a\000r}{section*.20}% 22
\BOOKMARK [1][]{section*.23}{\376\377\000I\000n\000t\000e\000r\000e\000s\000t\000s}{}% 23
\BOOKMARK [1][]{section*.24}{\376\377\000R\000e\000f\000e\000r\000e\000n\000c\000e\000s}{}% 24
